<?xml version="1.0" encoding="UTF-8"?>
<!-- Generated by org.testng.reporters.JUnitReportReporter -->
<testsuite hostname="DESKTOP-EKH1QUK" failures="0" tests="2" name="selenium.Test1" time="7.996" errors="0" timestamp="2023-04-02T14:34:53 CDT" skipped="0">
  <testcase classname="selenium.Test1" name="testlogin" time="3.127"/>
  <system-out/>
  <testcase classname="selenium.Test1" name="testlogin" time="4.869"/>
  <system-out/>
</testsuite> <!-- selenium.Test1 -->
