<?xml version="1.0" encoding="UTF-8"?>
<!-- Generated by org.testng.reporters.JUnitReportReporter -->
<testsuite hostname="DESKTOP-EKH1QUK" failures="0" tests="1" name="testsuite.Testing" time="7.837" errors="0" timestamp="2023-04-03T10:41:44 CDT" skipped="0">
  <testcase classname="testsuite.Testing" name="searchOperation" time="7.837"/>
  <system-out/>
</testsuite> <!-- testsuite.Testing -->
