<?xml version="1.0" encoding="UTF-8"?>
<!-- Generated by org.testng.reporters.JUnitReportReporter -->
<testsuite hostname="DESKTOP-EKH1QUK" failures="0" tests="1" name="day1.Httprequest" time="3.431" errors="0" timestamp="2023-04-01T23:24:57 CDT" skipped="0">
  <testcase classname="day1.Httprequest" name="createuser" time="3.431"/>
  <system-out/>
</testsuite> <!-- day1.Httprequest -->
